This is pdfTeX, Version 3.14159265-2.6-1.40.18 (TeX Live 2017/W32TeX) (preloaded format=pdflatex 2017.9.9)  5 JAN 2019 11:13
entering extended mode
 restricted \write18 enabled.
 %&-line parsing enabled.
**"./Yunyi CV.tex"
(./Yunyi CV.tex
LaTeX2e <2017-04-15>
Babel <3.12> and hyphenation patterns for 84 language(s) loaded.
(d:/texlive/2017/texmf-dist/tex/latex/koma-script/scrartcl.cls
Document Class: scrartcl 2017/04/13 v3.23 KOMA-Script document class (article)
(d:/texlive/2017/texmf-dist/tex/latex/koma-script/scrkbase.sty
Package: scrkbase 2017/04/13 v3.23 KOMA-Script package (KOMA-Script-dependent b
asics and keyval usage)

(d:/texlive/2017/texmf-dist/tex/latex/koma-script/scrbase.sty
Package: scrbase 2017/04/13 v3.23 KOMA-Script package (KOMA-Script-independent 
basics and keyval usage)

(d:/texlive/2017/texmf-dist/tex/latex/graphics/keyval.sty
Package: keyval 2014/10/28 v1.15 key=value parser (DPC)
\KV@toks@=\toks14
)
(d:/texlive/2017/texmf-dist/tex/latex/koma-script/scrlfile.sty
Package: scrlfile 2017/04/13 v3.23 KOMA-Script package (loading files)

Package scrlfile, 2017/04/13 v3.23 KOMA-Script package (loading files)
                  Copyright (C) Markus Kohm

))) (d:/texlive/2017/texmf-dist/tex/latex/koma-script/tocbasic.sty
Package: tocbasic 2017/04/13 v3.23 KOMA-Script package (handling toc-files)
\scr@dte@tocline@numberwidth=\skip41
\scr@dte@tocline@numbox=\box26
)
Package tocbasic Info: omitting babel extension for `toc'
(tocbasic)             because of feature `nobabel' available
(tocbasic)             for `toc' on input line 131.
Package tocbasic Info: omitting babel extension for `lof'
(tocbasic)             because of feature `nobabel' available
(tocbasic)             for `lof' on input line 133.
Package tocbasic Info: omitting babel extension for `lot'
(tocbasic)             because of feature `nobabel' available
(tocbasic)             for `lot' on input line 134.
Class scrartcl Info: You've used standard option `oneside'.
(scrartcl)           This is correct!
(scrartcl)           Internally I'm using `twoside=false'.
(scrartcl)           If you'd like to set the option with \KOMAoptions,
(scrartcl)           you'd have to use `twoside=false' there
(scrartcl)           instead of `oneside', too.
Class scrartcl Info: You've used standard option `final'.
(scrartcl)           This is correct!
(scrartcl)           Internally I'm using `draft=false'.
(scrartcl)           If you'd like to set the option with \KOMAoptions,
(scrartcl)           you'd have to use `draft=false' there
(scrartcl)           instead of `final', too.
Class scrartcl Info: File `scrsize11pt.clo' used instead of
(scrartcl)           file `scrsize11.clo' to setup font sizes on input line 205
9.

(d:/texlive/2017/texmf-dist/tex/latex/koma-script/scrsize11pt.clo
File: scrsize11pt.clo 2017/04/13 v3.23 KOMA-Script font size class option (11pt
)
)
(d:/texlive/2017/texmf-dist/tex/latex/koma-script/typearea.sty
Package: typearea 2017/04/13 v3.23 KOMA-Script package (type area)
\ta@bcor=\skip42
\ta@div=\count79
Package typearea Info: You've used standard option `a4paper'.
(typearea)             This is correct!
(typearea)             Internally I'm using `paper=a4'.
(typearea)             If you'd like to set the option with \KOMAoptions,
(typearea)             you'd have to use `paper=a4' there
(typearea)             instead of `a4paper', too.
Package typearea Info: You've used standard option `oneside'.
(typearea)             This is correct!
(typearea)             Internally I'm using `twoside=false'.
(typearea)             If you'd like to set the option with \KOMAoptions,
(typearea)             you'd have to use `twoside=false' there
(typearea)             instead of `oneside', too.
\ta@hblk=\skip43
\ta@vblk=\skip44
\ta@temp=\skip45
\footheight=\skip46
Package typearea Info: These are the values describing the layout:
(typearea)             DIV  = 10
(typearea)             BCOR = 0.0pt
(typearea)             \paperwidth      = 597.50793pt
(typearea)              \textwidth      = 418.25555pt
(typearea)              DIV departure   = -6%
(typearea)              \evensidemargin = 17.3562pt
(typearea)              \oddsidemargin  = 17.3562pt
(typearea)             \paperheight     = 845.04694pt
(typearea)              \textheight     = 595.80026pt
(typearea)              \topmargin      = -25.16531pt
(typearea)              \headheight     = 17.0pt
(typearea)              \headsep        = 20.40001pt
(typearea)              \topskip        = 11.0pt
(typearea)              \footskip       = 47.6pt
(typearea)              \baselineskip   = 13.6pt
(typearea)              on input line 1647.
)
\c@part=\count80
\c@section=\count81
\c@subsection=\count82
\c@subsubsection=\count83
\c@paragraph=\count84
\c@subparagraph=\count85
\scr@dte@part@maxnumwidth=\skip47
\scr@dte@section@maxnumwidth=\skip48
\scr@dte@subsection@maxnumwidth=\skip49
\scr@dte@subsubsection@maxnumwidth=\skip50
\scr@dte@paragraph@maxnumwidth=\skip51
\scr@dte@subparagraph@maxnumwidth=\skip52
LaTeX Info: Redefining \textsubscript on input line 4094.
\abovecaptionskip=\skip53
\belowcaptionskip=\skip54
\c@pti@nb@sid@b@x=\box27
\c@figure=\count86
\c@table=\count87
Class scrartcl Info: Redefining `\numberline' on input line 5233.
\bibindent=\dimen102
)
(d:/texlive/2017/texmf-dist/tex/latex/koma-script/scrpage2.sty
Package: scrpage2 2017/04/13 v3.23 KOMA-Script package (page head and foot)
LaTeX Info: Redefining \pagemark on input line 174.
)

Class scrartcl Warning: Usage of package `titlesec' together
(scrartcl)              with a KOMA-Script class is not recommended.
(scrartcl)              I'd suggest to use the package only
(scrartcl)              if you really need it, because it breaks several
(scrartcl)              KOMA-Script features, i.e., option `headings' and
(scrartcl)              the extended optional argument of the section
(scrartcl)              commands.
(scrartcl)              Nevertheless, using requested
(scrartcl)              package `titlesec' on input line 30.

(d:/texlive/2017/texmf-dist/tex/latex/titlesec/titlesec.sty
Package: titlesec 2016/03/21 v2.10.2 Sectioning titles
\ttl@box=\box28
\beforetitleunit=\skip55
\aftertitleunit=\skip56
\ttl@plus=\dimen103
\ttl@minus=\dimen104
\ttl@toksa=\toks15
\titlewidth=\dimen105
\titlewidthlast=\dimen106
\titlewidthfirst=\dimen107


Package titlesec Warning: Non standard sectioning command detected
(titlesec)                Using default spacing and no format.


Package titlesec Warning: Non standard sectioning command detected
(titlesec)                Using default spacing and no format.


Package titlesec Warning: Non standard sectioning command detected
(titlesec)                Using default spacing and no format.


Package titlesec Warning: Non standard sectioning command detected
(titlesec)                Using default spacing and no format.


Package titlesec Warning: Non standard sectioning command detected
(titlesec)                Using default spacing and no format.

)

Class scrartcl Warning: Activating an ugly workaround for a missing
(scrartcl)              feature of package `titlesec` on input line 30.

(d:/texlive/2017/texmf-dist/tex/latex/tools/tabularx.sty
Package: tabularx 2016/02/03 v2.11 `tabularx' package (DPC)

(d:/texlive/2017/texmf-dist/tex/latex/tools/array.sty
Package: array 2016/10/06 v2.4d Tabular extension package (FMi)
\col@sep=\dimen108
\extrarowheight=\dimen109
\NC@list=\toks16
\extratabsurround=\skip57
\backup@length=\skip58
)
\TX@col@width=\dimen110
\TX@old@table=\dimen111
\TX@old@col=\dimen112
\TX@target=\dimen113
\TX@delta=\dimen114
\TX@cols=\count88
\TX@ftn=\toks17
)
(d:/texlive/2017/texmf-dist/tex/latex/colortbl/colortbl.sty
Package: colortbl 2012/02/13 v1.0a Color table columns (DPC)

(d:/texlive/2017/texmf-dist/tex/latex/graphics/color.sty
Package: color 2016/07/10 v1.1e Standard LaTeX Color (DPC)

(d:/texlive/2017/texmf-dist/tex/latex/graphics-cfg/color.cfg
File: color.cfg 2016/01/02 v1.6 sample color configuration
)
Package color Info: Driver file: pdftex.def on input line 147.

(d:/texlive/2017/texmf-dist/tex/latex/graphics-def/pdftex.def
File: pdftex.def 2017/06/24 v1.0g Graphics/color driver for pdftex
))
\everycr=\toks18
\minrowclearance=\skip59
)
(d:/texlive/2017/texmf-dist/tex/latex/hyperref/hyperref.sty
Package: hyperref 2017/03/14 v6.85a Hypertext links for LaTeX

(d:/texlive/2017/texmf-dist/tex/generic/oberdiek/hobsub-hyperref.sty
Package: hobsub-hyperref 2016/05/16 v1.14 Bundle oberdiek, subset hyperref (HO)


(d:/texlive/2017/texmf-dist/tex/generic/oberdiek/hobsub-generic.sty
Package: hobsub-generic 2016/05/16 v1.14 Bundle oberdiek, subset generic (HO)
Package: hobsub 2016/05/16 v1.14 Construct package bundles (HO)
Package: infwarerr 2016/05/16 v1.4 Providing info/warning/error messages (HO)
Package: ltxcmds 2016/05/16 v1.23 LaTeX kernel commands for general use (HO)
Package: ifluatex 2016/05/16 v1.4 Provides the ifluatex switch (HO)
Package ifluatex Info: LuaTeX not detected.
Package: ifvtex 2016/05/16 v1.6 Detect VTeX and its facilities (HO)
Package ifvtex Info: VTeX not detected.
Package: intcalc 2016/05/16 v1.2 Expandable calculations with integers (HO)
Package: ifpdf 2017/03/15 v3.2 Provides the ifpdf switch
Package: etexcmds 2016/05/16 v1.6 Avoid name clashes with e-TeX commands (HO)
Package etexcmds Info: Could not find \expanded.
(etexcmds)             That can mean that you are not using pdfTeX 1.50 or
(etexcmds)             that some package has redefined \expanded.
(etexcmds)             In the latter case, load this package earlier.
Package: kvsetkeys 2016/05/16 v1.17 Key value parser (HO)
Package: kvdefinekeys 2016/05/16 v1.4 Define keys (HO)
Package: pdftexcmds 2017/03/19 v0.25 Utility functions of pdfTeX for LuaTeX (HO
)
Package pdftexcmds Info: LuaTeX not detected.
Package pdftexcmds Info: \pdf@primitive is available.
Package pdftexcmds Info: \pdf@ifprimitive is available.
Package pdftexcmds Info: \pdfdraftmode found.
Package: pdfescape 2016/05/16 v1.14 Implements pdfTeX's escape features (HO)
Package: bigintcalc 2016/05/16 v1.4 Expandable calculations on big integers (HO
)
Package: bitset 2016/05/16 v1.2 Handle bit-vector datatype (HO)
Package: uniquecounter 2016/05/16 v1.3 Provide unlimited unique counter (HO)
)
Package hobsub Info: Skipping package `hobsub' (already loaded).
Package: letltxmacro 2016/05/16 v1.5 Let assignment for LaTeX macros (HO)
Package: hopatch 2016/05/16 v1.3 Wrapper for package hooks (HO)
Package: xcolor-patch 2016/05/16 xcolor patch
Package: atveryend 2016/05/16 v1.9 Hooks at the very end of document (HO)
Package atveryend Info: \enddocument detected (standard20110627).
Package: atbegshi 2016/06/09 v1.18 At begin shipout hook (HO)
Package: refcount 2016/05/16 v3.5 Data extraction from label references (HO)
Package: hycolor 2016/05/16 v1.8 Color options for hyperref/bookmark (HO)
)
(d:/texlive/2017/texmf-dist/tex/generic/ifxetex/ifxetex.sty
Package: ifxetex 2010/09/12 v0.6 Provides ifxetex conditional
)
(d:/texlive/2017/texmf-dist/tex/latex/oberdiek/auxhook.sty
Package: auxhook 2016/05/16 v1.4 Hooks for auxiliary files (HO)
)
(d:/texlive/2017/texmf-dist/tex/latex/oberdiek/kvoptions.sty
Package: kvoptions 2016/05/16 v3.12 Key value format for package options (HO)
)
\@linkdim=\dimen115
\Hy@linkcounter=\count89
\Hy@pagecounter=\count90

(d:/texlive/2017/texmf-dist/tex/latex/hyperref/pd1enc.def
File: pd1enc.def 2017/03/14 v6.85a Hyperref: PDFDocEncoding definition (HO)
)
\Hy@SavedSpaceFactor=\count91

(d:/texlive/2017/texmf-dist/tex/latex/latexconfig/hyperref.cfg
File: hyperref.cfg 2002/06/06 v1.2 hyperref configuration of TeXLive
)
Package hyperref Info: Option `final' set `true' on input line 4374.
Package hyperref Info: Option `colorlinks' set `true' on input line 4374.
Package hyperref Info: Hyper figures OFF on input line 4498.
Package hyperref Info: Link nesting OFF on input line 4503.
Package hyperref Info: Hyper index ON on input line 4506.
Package hyperref Info: Plain pages OFF on input line 4513.
Package hyperref Info: Backreferencing OFF on input line 4518.
Package hyperref Info: Implicit mode ON; LaTeX internals redefined.
Package hyperref Info: Bookmarks ON on input line 4751.
\c@Hy@tempcnt=\count92

(d:/texlive/2017/texmf-dist/tex/latex/url/url.sty
\Urlmuskip=\muskip10
Package: url 2013/09/16  ver 3.4  Verb mode for urls, etc.
)
LaTeX Info: Redefining \url on input line 5104.
\XeTeXLinkMargin=\dimen116
\Fld@menulength=\count93
\Field@Width=\dimen117
\Fld@charsize=\dimen118
Package hyperref Info: Hyper figures OFF on input line 6358.
Package hyperref Info: Link nesting OFF on input line 6363.
Package hyperref Info: Hyper index ON on input line 6366.
Package hyperref Info: backreferencing OFF on input line 6373.
Package hyperref Info: Link coloring ON on input line 6376.
Package hyperref Info: Link coloring with OCG OFF on input line 6383.
Package hyperref Info: PDF/A mode OFF on input line 6388.
LaTeX Info: Redefining \ref on input line 6428.
LaTeX Info: Redefining \pageref on input line 6432.
\Hy@abspage=\count94
\c@Item=\count95
\c@Hfootnote=\count96
)

Package hyperref Message: Driver (autodetected): hpdftex.

(d:/texlive/2017/texmf-dist/tex/latex/hyperref/hpdftex.def
File: hpdftex.def 2017/03/14 v6.85a Hyperref driver for pdfTeX
\Fld@listcount=\count97
\c@bookmark@seq@number=\count98

(d:/texlive/2017/texmf-dist/tex/latex/oberdiek/rerunfilecheck.sty
Package: rerunfilecheck 2016/05/16 v1.8 Rerun checks for auxiliary files (HO)
Package uniquecounter Info: New unique counter `rerunfilecheck' on input line 2
82.
)
\Hy@SectionHShift=\skip60
)
(./Yunyi CV.aux)
\openout1 = `"Yunyi CV.aux"'.

LaTeX Font Info:    Checking defaults for OML/cmm/m/it on input line 60.
LaTeX Font Info:    ... okay on input line 60.
LaTeX Font Info:    Checking defaults for T1/cmr/m/n on input line 60.
LaTeX Font Info:    ... okay on input line 60.
LaTeX Font Info:    Checking defaults for OT1/cmr/m/n on input line 60.
LaTeX Font Info:    ... okay on input line 60.
LaTeX Font Info:    Checking defaults for OMS/cmsy/m/n on input line 60.
LaTeX Font Info:    ... okay on input line 60.
LaTeX Font Info:    Checking defaults for OMX/cmex/m/n on input line 60.
LaTeX Font Info:    ... okay on input line 60.
LaTeX Font Info:    Checking defaults for U/cmr/m/n on input line 60.
LaTeX Font Info:    ... okay on input line 60.
LaTeX Font Info:    Checking defaults for PD1/pdf/m/n on input line 60.
LaTeX Font Info:    ... okay on input line 60.

(d:/texlive/2017/texmf-dist/tex/context/base/mkii/supp-pdf.mkii
[Loading MPS to PDF converter (version 2006.09.02).]
\scratchcounter=\count99
\scratchdimen=\dimen119
\scratchbox=\box29
\nofMPsegments=\count100
\nofMParguments=\count101
\everyMPshowfont=\toks19
\MPscratchCnt=\count102
\MPscratchDim=\dimen120
\MPnumerator=\count103
\makeMPintoPDFobject=\count104
\everyMPtoPDFconversion=\toks20
)
\AtBeginShipoutBox=\box30
Package hyperref Info: Link coloring ON on input line 60.
 (d:/texlive/2017/texmf-dist/tex/latex/hyperref/nameref.sty
Package: nameref 2016/05/21 v2.44 Cross-referencing by name of section

(d:/texlive/2017/texmf-dist/tex/generic/oberdiek/gettitlestring.sty
Package: gettitlestring 2016/05/16 v1.5 Cleanup title references (HO)
)
\c@section@level=\count105
)
LaTeX Info: Redefining \ref on input line 60.
LaTeX Info: Redefining \pageref on input line 60.
LaTeX Info: Redefining \nameref on input line 60.

(./Yunyi CV.out) (./Yunyi CV.out)
\@outlinefile=\write3
\openout3 = `"Yunyi CV.out"'.



LaTeX Font Warning: Font shape `OT1/cmr/m/n' in size <36> not available
(Font)              size <24.88> substituted on input line 68.


LaTeX Font Warning: Font shape `OT1/cmr/m/sc' in size <36> not available
(Font)              size <24.88> substituted on input line 68.

Missing character: There is no Ã in font cmcsc10!
Missing character: There is no Š in font cmcsc10!
Missing character: There is no Ã in font cmcsc10!
Missing character: There is no Š in font cmcsc10!
Missing character: There is no Ã in font cmcsc10!
Missing character: There is no Š in font cmcsc10!
Missing character: There is no Ã in font cmcsc10!
Missing character: There is no Š in font cmcsc10!
Missing character: There is no Ã in font cmcsc10!
Missing character: There is no Š in font cmcsc10!
Missing character: There is no Ã in font cmcsc10!
Missing character: There is no Š in font cmcsc10!
Missing character: There is no Ã in font cmcsc10!
Missing character: There is no Š in font cmcsc10!
Missing character: There is no Ã in font cmcsc10!
Missing character: There is no Š in font cmcsc10!
Missing character: There is no Ã in font cmcsc10!
Missing character: There is no Š in font cmcsc10!
Missing character: There is no Ã in font cmcsc10!
Missing character: There is no Š in font cmcsc10!
Missing character: There is no Ã in font cmcsc10!
Missing character: There is no Š in font cmcsc10!
Missing character: There is no Ã in font cmcsc10!
Missing character: There is no Š in font cmcsc10!
Missing character: There is no Ã in font cmcsc10!
Missing character: There is no Š in font cmcsc10!
Missing character: There is no Ã in font cmcsc10!
Missing character: There is no Š in font cmcsc10!
Missing character: There is no Ã in font cmcsc10!
Missing character: There is no Š in font cmcsc10!
Missing character: There is no Ã in font cmcsc10!
Missing character: There is no Š in font cmcsc10!
Missing character: There is no Ã in font cmcsc10!
Missing character: There is no Š in font cmcsc10!
Missing character: There is no Ã in font cmcsc10!
Missing character: There is no Š in font cmcsc10!
Missing character: There is no Ã in font cmcsc10!
Missing character: There is no Š in font cmcsc10!
Missing character: There is no Ã in font cmcsc10!
Missing character: There is no Š in font cmcsc10!
Missing character: There is no Ã in font cmcsc10!
Missing character: There is no Š in font cmcsc10!
Missing character: There is no Ã in font cmcsc10!
Missing character: There is no Š in font cmcsc10!
Missing character: There is no Ã in font cmcsc10!
Missing character: There is no Š in font cmcsc10!
Missing character: There is no Ã in font cmcsc10!
Missing character: There is no Š in font cmcsc10!
Missing character: There is no Ã in font cmcsc10!
Missing character: There is no Š in font cmcsc10!
Missing character: There is no Ã in font cmcsc10!
Missing character: There is no Š in font cmcsc10!
Missing character: There is no Ã in font cmcsc10!
Missing character: There is no Š in font cmcsc10!
Missing character: There is no Ã in font cmcsc10!
Missing character: There is no Š in font cmcsc10!
Missing character: There is no Ã in font cmcsc10!
Missing character: There is no Š in font cmcsc10!
Missing character: There is no Ã in font cmcsc10!
Missing character: There is no Š in font cmcsc10!
Missing character: There is no Ã in font cmcsc10!
Missing character: There is no Š in font cmcsc10!
Missing character: There is no Ã in font cmcsc10!
Missing character: There is no Š in font cmcsc10!
Missing character: There is no Ã in font cmcsc10!
Missing character: There is no Š in font cmcsc10!
Missing character: There is no Ã in font cmcsc10!
Missing character: There is no Š in font cmcsc10!
Missing character: There is no Ã in font cmcsc10!
Missing character: There is no Š in font cmcsc10!
Missing character: There is no Ã in font cmcsc10!
Missing character: There is no Š in font cmcsc10!
Missing character: There is no Ã in font cmcsc10!
Missing character: There is no Š in font cmcsc10!
Missing character: There is no Ã in font cmcsc10!
Missing character: There is no Š in font cmcsc10!
Missing character: There is no Ã in font cmcsc10!
Missing character: There is no Š in font cmcsc10!
Missing character: There is no Ã in font cmcsc10!
Missing character: There is no Š in font cmcsc10!
Missing character: There is no Ã in font cmcsc10!
Missing character: There is no Š in font cmcsc10!
Missing character: There is no Ã in font cmcsc10!
Missing character: There is no Š in font cmcsc10!
Missing character: There is no Ã in font cmcsc10!
Missing character: There is no Š in font cmcsc10!
Missing character: There is no Ã in font cmcsc10!
Missing character: There is no Š in font cmcsc10!
Missing character: There is no Ã in font cmcsc10!
Missing character: There is no Š in font cmcsc10!
Missing character: There is no Ã in font cmcsc10!
Missing character: There is no Š in font cmcsc10!
Missing character: There is no Ã in font cmcsc10!
Missing character: There is no Š in font cmcsc10!
Missing character: There is no Ã in font cmcsc10!
Missing character: There is no Š in font cmcsc10!
LaTeX Font Info:    Try loading font information for OMS+cmr on input line 157.

(d:/texlive/2017/texmf-dist/tex/latex/base/omscmr.fd
File: omscmr.fd 2014/09/29 v2.5h Standard LaTeX font definitions
)
LaTeX Font Info:    Font shape `OMS/cmr/m/sc' in size <12> not available
(Font)              Font shape `OMS/cmsy/m/n' tried instead on input line 157.
 [1

{d:/texlive/2017/texmf-var/fonts/map/pdftex/updmap/pdftex.map}]
Missing character: There is no â in font cmr10!
Missing character: There is no € in font cmr10!
Missing character: There is no ™ in font cmr10!
Missing character: There is no â in font cmr10!
Missing character: There is no € in font cmr10!
Missing character: There is no ™ in font cmr10!
Missing character: There is no â in font cmr10!
Missing character: There is no € in font cmr10!
Missing character: There is no ™ in font cmr10!
Missing character: There is no Ã in font cmcsc10!
Missing character: There is no Š in font cmcsc10!
Missing character: There is no Ã in font cmcsc10!
Missing character: There is no Š in font cmcsc10!
Missing character: There is no Ã in font cmcsc10!
Missing character: There is no Š in font cmcsc10!
Missing character: There is no Ã in font cmcsc10!
Missing character: There is no Š in font cmcsc10!
Missing character: There is no Ã in font cmcsc10!
Missing character: There is no Š in font cmcsc10!
Missing character: There is no Ã in font cmcsc10!
Missing character: There is no Š in font cmcsc10!
Missing character: There is no Ã in font cmcsc10!
Missing character: There is no Š in font cmcsc10!
Missing character: There is no Ã in font cmcsc10!
Missing character: There is no Š in font cmcsc10!
Missing character: There is no Ã in font cmcsc10!
Missing character: There is no Š in font cmcsc10!
Missing character: There is no Ã in font cmcsc10!
Missing character: There is no Š in font cmcsc10!
Missing character: There is no Ã in font cmcsc10!
Missing character: There is no Š in font cmcsc10!
Missing character: There is no Ã in font cmcsc10!
Missing character: There is no Š in font cmcsc10!
Missing character: There is no Ã in font cmcsc10!
Missing character: There is no Š in font cmcsc10!
Missing character: There is no Ã in font cmcsc10!
Missing character: There is no Š in font cmcsc10!
Missing character: There is no Ã in font cmcsc10!
Missing character: There is no Š in font cmcsc10!
Missing character: There is no Ã in font cmcsc10!
Missing character: There is no Š in font cmcsc10!
Missing character: There is no Ã in font cmcsc10!
Missing character: There is no Š in font cmcsc10!
Missing character: There is no Ã in font cmcsc10!
Missing character: There is no Š in font cmcsc10!
Missing character: There is no Ã in font cmcsc10!
Missing character: There is no Š in font cmcsc10!
Missing character: There is no Ã in font cmcsc10!
Missing character: There is no Š in font cmcsc10!
Missing character: There is no Ã in font cmcsc10!
Missing character: There is no Š in font cmcsc10!
Missing character: There is no Ã in font cmcsc10!
Missing character: There is no Š in font cmcsc10!
Missing character: There is no Ã in font cmcsc10!
Missing character: There is no Š in font cmcsc10!
Missing character: There is no Ã in font cmcsc10!
Missing character: There is no Š in font cmcsc10!
Missing character: There is no Ã in font cmcsc10!
Missing character: There is no Š in font cmcsc10!
Missing character: There is no Ã in font cmcsc10!
Missing character: There is no Š in font cmcsc10!
Missing character: There is no Ã in font cmcsc10!
Missing character: There is no Š in font cmcsc10!
Missing character: There is no Ã in font cmcsc10!
Missing character: There is no Š in font cmcsc10!
Missing character: There is no Ã in font cmcsc10!
Missing character: There is no Š in font cmcsc10!
Missing character: There is no Ã in font cmcsc10!
Missing character: There is no Š in font cmcsc10!
Missing character: There is no Ã in font cmcsc10!
Missing character: There is no Š in font cmcsc10!
Missing character: There is no Ã in font cmcsc10!
Missing character: There is no Š in font cmcsc10!
Missing character: There is no Ã in font cmcsc10!
Missing character: There is no Š in font cmcsc10!
Missing character: There is no Ã in font cmcsc10!
Missing character: There is no Š in font cmcsc10!
Missing character: There is no Ã in font cmcsc10!
Missing character: There is no Š in font cmcsc10!
Missing character: There is no Ã in font cmcsc10!
Missing character: There is no Š in font cmcsc10!
 [2]
Package atveryend Info: Empty hook `BeforeClearDocument' on input line 252.
 [3]
Package atveryend Info: Empty hook `AfterLastShipout' on input line 252.
 (./Yunyi CV.aux)
Package atveryend Info: Executing hook `AtVeryEndDocument' on input line 252.
Package atveryend Info: Executing hook `AtEndAfterFileList' on input line 252.
Package rerunfilecheck Info: File `"Yunyi CV".out' has not changed.
(rerunfilecheck)             Checksum: 0BCE9927414C2ECB04E49C5C33490EC4;449.


LaTeX Font Warning: Size substitutions with differences
(Font)              up to 11.12pt have occurred.

Package atveryend Info: Empty hook `AtVeryVeryEnd' on input line 252.
 ) 
Here is how much of TeX's memory you used:
 7310 strings out of 492990
 117629 string characters out of 6136335
 302863 words of memory out of 5000000
 10826 multiletter control sequences out of 15000+600000
 9091 words of font info for 32 fonts, out of 8000000 for 9000
 1141 hyphenation exceptions out of 8191
 42i,10n,51p,8823b,454s stack positions out of 5000i,500n,10000p,200000b,80000s
<d:/texlive/2017/texmf-dist/fonts/type1/public/amsfonts/cm/cmbx10.pfb><d:/tex
live/2017/texmf-dist/fonts/type1/public/amsfonts/cm/cmcsc10.pfb><d:/texlive/201
7/texmf-dist/fonts/type1/public/amsfonts/cm/cmr10.pfb><d:/texlive/2017/texmf-di
st/fonts/type1/public/amsfonts/cm/cmsy10.pfb><d:/texlive/2017/texmf-dist/fonts/
type1/public/amsfonts/cm/cmti10.pfb>
Output written on "Yunyi CV.pdf" (3 pages, 90541 bytes).
PDF statistics:
 96 PDF objects out of 1000 (max. 8388607)
 77 compressed objects within 1 object stream
 13 named destinations out of 1000 (max. 500000)
 73 words of extra memory for PDF output out of 10000 (max. 10000000)

